{"/Users/deerawan/Work/Sites/opensource/vscode-dash/out/src/dash.js":{"path":"/Users/deerawan/Work/Sites/opensource/vscode-dash/out/src/dash.js","s":{"1":1,"2":1,"3":1,"4":2,"5":1,"6":2,"7":2,"8":2,"9":1,"10":2,"11":1,"12":4,"13":2,"14":2,"15":1,"16":1},"b":{"1":[1,1],"2":[1,1],"3":[2,2]},"f":{"1":1,"2":4,"3":2,"4":4},"fnMap":{"1":{"name":"(anonymous_1)","line":1,"loc":{"start":{"line":1,"column":12},"end":{"line":1,"column":24}}},"2":{"name":"Dash","line":2,"loc":{"start":{"line":2,"column":4},"end":{"line":2,"column":20}}},"3":{"name":"(anonymous_3)","line":11,"loc":{"start":{"line":11,"column":32},"end":{"line":11,"column":58}}},"4":{"name":"(anonymous_4)","line":26,"loc":{"start":{"line":26,"column":29},"end":{"line":26,"column":48}}}},"statementMap":{"1":{"start":{"line":1,"column":0},"end":{"line":33,"column":5}},"2":{"start":{"line":2,"column":4},"end":{"line":3,"column":5}},"3":{"start":{"line":11,"column":4},"end":{"line":19,"column":6}},"4":{"start":{"line":12,"column":8},"end":{"line":12,"column":49}},"5":{"start":{"line":12,"column":34},"end":{"line":12,"column":47}},"6":{"start":{"line":13,"column":8},"end":{"line":13,"column":69}},"7":{"start":{"line":14,"column":8},"end":{"line":14,"column":41}},"8":{"start":{"line":15,"column":8},"end":{"line":17,"column":9}},"9":{"start":{"line":16,"column":12},"end":{"line":16,"column":35}},"10":{"start":{"line":18,"column":8},"end":{"line":18,"column":39}},"11":{"start":{"line":26,"column":4},"end":{"line":31,"column":6}},"12":{"start":{"line":27,"column":8},"end":{"line":29,"column":9}},"13":{"start":{"line":28,"column":12},"end":{"line":28,"column":37}},"14":{"start":{"line":30,"column":8},"end":{"line":30,"column":18}},"15":{"start":{"line":32,"column":4},"end":{"line":32,"column":16}},"16":{"start":{"line":34,"column":0},"end":{"line":34,"column":20}}},"branchMap":{"1":{"line":12,"type":"if","locations":[{"start":{"line":12,"column":8},"end":{"line":12,"column":8}},{"start":{"line":12,"column":8},"end":{"line":12,"column":8}}]},"2":{"line":15,"type":"if","locations":[{"start":{"line":15,"column":8},"end":{"line":15,"column":8}},{"start":{"line":15,"column":8},"end":{"line":15,"column":8}}]},"3":{"line":27,"type":"if","locations":[{"start":{"line":27,"column":8},"end":{"line":27,"column":8}},{"start":{"line":27,"column":8},"end":{"line":27,"column":8}}]}}}}