{"/Users/budi/Sites/opensource/vscode-dash/out/src/dash.js":{"path":"/Users/budi/Sites/opensource/vscode-dash/out/src/dash.js","s":{"1":1,"2":8,"3":8,"4":6,"5":6,"6":6,"7":3,"8":6,"9":8,"10":4,"11":4,"12":6,"13":1},"b":{"1":[8,0],"2":[3,3],"3":[4,4],"4":[6,4]},"f":{"1":8,"2":6,"3":8,"4":6},"fnMap":{"1":{"name":"(anonymous_1)","line":4,"loc":{"start":{"line":4,"column":15},"end":{"line":4,"column":20}}},"2":{"name":"(anonymous_2)","line":22,"loc":{"start":{"line":22,"column":14},"end":{"line":22,"column":36}}},"3":{"name":"(anonymous_3)","line":36,"loc":{"start":{"line":36,"column":11},"end":{"line":36,"column":21}}},"4":{"name":"(anonymous_4)","line":48,"loc":{"start":{"line":48,"column":20},"end":{"line":48,"column":26}}}},"statementMap":{"1":{"start":{"line":2,"column":0},"end":{"line":2,"column":62}},"2":{"start":{"line":5,"column":8},"end":{"line":5,"column":21}},"3":{"start":{"line":6,"column":8},"end":{"line":13,"column":33}},"4":{"start":{"line":23,"column":8},"end":{"line":23,"column":69}},"5":{"start":{"line":24,"column":8},"end":{"line":24,"column":41}},"6":{"start":{"line":25,"column":8},"end":{"line":27,"column":9}},"7":{"start":{"line":26,"column":12},"end":{"line":26,"column":35}},"8":{"start":{"line":28,"column":8},"end":{"line":28,"column":66}},"9":{"start":{"line":37,"column":8},"end":{"line":39,"column":9}},"10":{"start":{"line":38,"column":12},"end":{"line":38,"column":37}},"11":{"start":{"line":40,"column":8},"end":{"line":40,"column":18}},"12":{"start":{"line":49,"column":8},"end":{"line":52,"column":39}},"13":{"start":{"line":55,"column":0},"end":{"line":55,"column":20}}},"branchMap":{"1":{"line":7,"type":"binary-expr","locations":[{"start":{"line":7,"column":12},"end":{"line":13,"column":22}},{"start":{"line":13,"column":26},"end":{"line":13,"column":32}}]},"2":{"line":25,"type":"if","locations":[{"start":{"line":25,"column":8},"end":{"line":25,"column":8}},{"start":{"line":25,"column":8},"end":{"line":25,"column":8}}]},"3":{"line":37,"type":"if","locations":[{"start":{"line":37,"column":8},"end":{"line":37,"column":8}},{"start":{"line":37,"column":8},"end":{"line":37,"column":8}}]},"4":{"line":49,"type":"binary-expr","locations":[{"start":{"line":49,"column":16},"end":{"line":52,"column":18}},{"start":{"line":52,"column":22},"end":{"line":52,"column":37}}]}}}}